2025-05-08 01:57:18,320 [INFO] django.utils.autoreload: Watching for file changes with StatReloader
2025-05-08 01:57:21,254 [INFO] django.utils.autoreload: Watching for file changes with StatReloader
2025-05-08 02:02:50,462 [INFO] django.utils.autoreload: D:\code\oquArna\oqu-arna-web\authors_works\models.py changed, reloading.
2025-05-08 02:02:50,980 [INFO] django.utils.autoreload: Watching for file changes with StatReloader
2025-05-08 02:03:07,249 [INFO] django.utils.autoreload: Watching for file changes with StatReloader
2025-05-08 02:03:57,086 [WARNING] django.request: Not Found: /.well-known/appspecific/com.chrome.devtools.json
2025-05-08 02:06:40,314 [WARNING] django.request: Not Found: /.well-known/appspecific/com.chrome.devtools.json
2025-05-08 02:07:07,211 [WARNING] django.request: Not Found: /.well-known/appspecific/com.chrome.devtools.json
2025-05-08 02:11:47,956 [WARNING] django.request: Not Found: /.well-known/appspecific/com.chrome.devtools.json
2025-05-08 02:12:50,437 [WARNING] django.request: Not Found: /.well-known/appspecific/com.chrome.devtools.json
2025-05-08 02:13:26,217 [INFO] django.utils.autoreload: D:\code\oquArna\oqu-arna-web\authors_works\forms.py changed, reloading.
2025-05-08 02:13:26,658 [INFO] django.utils.autoreload: Watching for file changes with StatReloader
2025-05-08 02:13:27,708 [WARNING] django.request: Not Found: /.well-known/appspecific/com.chrome.devtools.json
2025-05-08 02:13:33,738 [WARNING] django.request: Not Found: /.well-known/appspecific/com.chrome.devtools.json
2025-05-08 02:14:45,336 [INFO] django.utils.autoreload: D:\code\oquArna\oqu-arna-web\authors_works\forms.py changed, reloading.
2025-05-08 02:14:45,902 [INFO] django.utils.autoreload: Watching for file changes with StatReloader
2025-05-08 13:10:03,471 [INFO] django.utils.autoreload: Watching for file changes with StatReloader
2025-05-08 13:11:46,018 [WARNING] django.request: Not Found: /
2025-05-08 13:11:46,145 [WARNING] django.request: Not Found: /favicon.ico
2025-05-08 13:13:11,280 [INFO] django.utils.autoreload: D:\code\oquArna\oqu-arna-web\authors_works\forms.py changed, reloading.
2025-05-08 13:13:12,177 [INFO] django.utils.autoreload: Watching for file changes with StatReloader
2025-05-08 13:17:09,414 [INFO] django.utils.autoreload: Watching for file changes with StatReloader
2025-05-08 13:20:51,408 [INFO] django.utils.autoreload: D:\code\oquArna\oqu-arna-web\authors_works\forms.py changed, reloading.
2025-05-08 13:20:52,078 [INFO] django.utils.autoreload: Watching for file changes with StatReloader
2025-05-08 13:20:54,082 [ERROR] django.request: Internal Server Error: /works/create_author_work
Traceback (most recent call last):
  File "D:\code\oquArna\.venv\Lib\site-packages\django\core\handlers\exception.py", line 55, in inner
    response = get_response(request)
  File "D:\code\oquArna\.venv\Lib\site-packages\django\core\handlers\base.py", line 197, in _get_response
    response = wrapped_callback(request, *callback_args, **callback_kwargs)
  File "D:\code\oquArna\.venv\Lib\site-packages\django\views\generic\base.py", line 104, in view
    return self.dispatch(request, *args, **kwargs)
           ~~~~~~~~~~~~~^^^^^^^^^^^^^^^^^^^^^^^^^^
  File "D:\code\oquArna\.venv\Lib\site-packages\django\views\generic\base.py", line 143, in dispatch
    return handler(request, *args, **kwargs)
  File "D:\code\oquArna\.venv\Lib\site-packages\django\views\generic\edit.py", line 182, in post
    return super().post(request, *args, **kwargs)
           ~~~~~~~~~~~~^^^^^^^^^^^^^^^^^^^^^^^^^^
  File "D:\code\oquArna\.venv\Lib\site-packages\django\views\generic\edit.py", line 151, in post
    return self.form_valid(form)
           ~~~~~~~~~~~~~~~^^^^^^
  File "D:\code\oquArna\.venv\Lib\site-packages\django\views\generic\edit.py", line 134, in form_valid
    return super().form_valid(form)
           ~~~~~~~~~~~~~~~~~~^^^^^^
  File "D:\code\oquArna\.venv\Lib\site-packages\django\views\generic\edit.py", line 63, in form_valid
    return HttpResponseRedirect(self.get_success_url())
                                ~~~~~~~~~~~~~~~~~~~~^^
  File "D:\code\oquArna\.venv\Lib\site-packages\django\views\generic\edit.py", line 119, in get_success_url
    if self.success_url:
       ^^^^^^^^^^^^^^^^
  File "D:\code\oquArna\.venv\Lib\site-packages\django\utils\functional.py", line 187, in __wrapper__
    result = func(*self._args, **self._kw)
  File "D:\code\oquArna\.venv\Lib\site-packages\django\urls\base.py", line 98, in reverse
    resolved_url = resolver._reverse_with_prefix(view, prefix, *args, **kwargs)
  File "D:\code\oquArna\.venv\Lib\site-packages\django\urls\resolvers.py", line 831, in _reverse_with_prefix
    raise NoReverseMatch(msg)
django.urls.exceptions.NoReverseMatch: Reverse for 'author-works' with no arguments not found. 1 pattern(s) tried: ['works/author_works/(?P<category>[0-9]+)\\Z']
2025-05-08 13:21:57,008 [INFO] django.utils.autoreload: Watching for file changes with StatReloader
2025-05-08 13:22:11,437 [WARNING] django.request: Not Found: /works/download_author_work/3
2025-05-08 13:24:47,266 [WARNING] django.request: Not Found: /works/download_author_work/3/
2025-05-08 13:24:50,229 [WARNING] django.request: Not Found: /works/download_author_work/3
2025-05-08 13:27:36,158 [WARNING] django.request: Not Found: /works/download_author_work/3
2025-05-08 13:28:35,063 [WARNING] django.request: Not Found: /works/download_author_work/4
2025-05-08 13:29:38,483 [WARNING] django.request: Not Found: /works/download_author_work/3
2025-05-08 13:31:52,894 [INFO] django.utils.autoreload: D:\code\oquArna\oqu-arna-web\authors_works\forms.py changed, reloading.
2025-05-08 13:31:53,840 [INFO] django.utils.autoreload: Watching for file changes with StatReloader
2025-05-08 13:33:26,392 [WARNING] django.request: Not Found: /.well-known/appspecific/com.chrome.devtools.json
2025-05-08 13:34:05,846 [INFO] django.utils.autoreload: D:\code\oquArna\oqu-arna-web\authors_works\forms.py changed, reloading.
2025-05-08 13:34:06,967 [INFO] django.utils.autoreload: Watching for file changes with StatReloader
2025-05-08 13:35:15,372 [INFO] django.utils.autoreload: D:\code\oquArna\oqu-arna-web\authors_works\forms.py changed, reloading.
2025-05-08 13:35:16,052 [INFO] django.utils.autoreload: Watching for file changes with StatReloader
2025-05-08 13:40:00,429 [INFO] django.utils.autoreload: D:\code\oquArna\oqu-arna-web\authors_works\forms.py changed, reloading.
2025-05-08 13:40:01,044 [INFO] django.utils.autoreload: Watching for file changes with StatReloader
2025-05-08 13:40:09,476 [INFO] django.utils.autoreload: D:\code\oquArna\oqu-arna-web\authors_works\forms.py changed, reloading.
2025-05-08 13:40:10,600 [INFO] django.utils.autoreload: Watching for file changes with StatReloader
2025-05-08 13:40:13,773 [INFO] django.utils.autoreload: D:\code\oquArna\oqu-arna-web\authors_works\forms.py changed, reloading.
2025-05-08 13:40:14,850 [INFO] django.utils.autoreload: Watching for file changes with StatReloader
2025-05-08 13:40:20,193 [INFO] django.utils.autoreload: D:\code\oquArna\oqu-arna-web\authors_works\forms.py changed, reloading.
2025-05-08 13:40:20,817 [INFO] django.utils.autoreload: Watching for file changes with StatReloader
2025-05-08 13:40:26,071 [INFO] django.utils.autoreload: D:\code\oquArna\oqu-arna-web\authors_works\forms.py changed, reloading.
2025-05-08 13:40:26,680 [INFO] django.utils.autoreload: Watching for file changes with StatReloader
2025-05-08 13:40:46,338 [INFO] django.utils.autoreload: D:\code\oquArna\oqu-arna-web\authors_works\forms.py changed, reloading.
2025-05-08 13:40:46,971 [INFO] django.utils.autoreload: Watching for file changes with StatReloader
2025-05-08 13:40:59,648 [INFO] django.utils.autoreload: Watching for file changes with StatReloader
2025-05-08 13:41:14,907 [WARNING] django.request: Not Found: /.well-known/appspecific/com.chrome.devtools.json
2025-05-08 16:02:20,172 [INFO] django.utils.autoreload: Watching for file changes with StatReloader
2025-05-08 16:02:24,501 [WARNING] django.request: Not Found: /
2025-05-08 16:02:24,519 [WARNING] django.request: Not Found: /
2025-05-08 16:02:24,656 [WARNING] django.request: Not Found: /favicon.ico
2025-05-08 16:02:24,662 [WARNING] django.request: Not Found: /favicon.ico
2025-05-08 16:02:32,785 [WARNING] django.request: Not Found: /works/
2025-05-08 16:16:01,411 [INFO] django.utils.autoreload: Watching for file changes with StatReloader
2025-05-08 18:20:25,958 [INFO] django.utils.autoreload: Watching for file changes with StatReloader
2025-05-08 18:20:46,561 [WARNING] django.request: Not Found: /favicon.ico
2025-05-08 18:31:29,060 [WARNING] django.request: Not Found: /.well-known/appspecific/com.chrome.devtools.json
2025-05-08 19:11:51,552 [INFO] django.utils.autoreload: D:\code\oquArna\oqu-arna-web\authors_works\views.py changed, reloading.
2025-05-08 19:11:52,122 [INFO] django.utils.autoreload: Watching for file changes with StatReloader
2025-05-08 19:25:58,740 [INFO] django.utils.autoreload: D:\code\oquArna\oqu-arna-web\authors_works\views.py changed, reloading.
2025-05-08 19:25:59,472 [INFO] django.utils.autoreload: Watching for file changes with StatReloader
2025-05-08 22:25:02,120 [INFO] django.utils.autoreload: Watching for file changes with StatReloader
2025-05-08 22:25:03,635 [WARNING] django.request: Not Found: /
2025-05-08 22:25:03,815 [WARNING] django.request: Not Found: /favicon.ico
2025-05-11 14:38:12,907 [INFO] django.utils.autoreload: Watching for file changes with StatReloader
2025-05-11 14:38:14,883 [WARNING] django.request: Not Found: /
2025-05-11 14:38:14,951 [WARNING] django.request: Not Found: /favicon.ico
2025-05-11 14:39:28,902 [WARNING] django.request: Not Found: /.well-known/appspecific/com.chrome.devtools.json
2025-05-11 14:50:26,960 [WARNING] django.request: Not Found: /.well-known/appspecific/com.chrome.devtools.json
2025-05-11 14:50:57,962 [WARNING] django.request: Not Found: /.well-known/appspecific/com.chrome.devtools.json
2025-05-11 14:52:14,293 [WARNING] django.request: Not Found: /.well-known/appspecific/com.chrome.devtools.json
2025-05-11 14:52:35,574 [WARNING] django.request: Not Found: /.well-known/appspecific/com.chrome.devtools.json
2025-05-11 14:52:40,695 [WARNING] django.request: Not Found: /.well-known/appspecific/com.chrome.devtools.json
2025-05-11 14:53:02,654 [WARNING] django.request: Not Found: /.well-known/appspecific/com.chrome.devtools.json
2025-05-11 14:53:26,895 [WARNING] django.request: Not Found: /.well-known/appspecific/com.chrome.devtools.json
2025-05-11 14:53:29,902 [WARNING] django.request: Not Found: /.well-known/appspecific/com.chrome.devtools.json
2025-05-11 14:53:37,890 [WARNING] django.request: Not Found: /.well-known/appspecific/com.chrome.devtools.json
2025-05-11 15:05:48,696 [WARNING] django.request: Not Found: /.well-known/appspecific/com.chrome.devtools.json
2025-05-11 15:06:08,849 [WARNING] django.request: Not Found: /.well-known/appspecific/com.chrome.devtools.json
2025-05-11 15:06:09,602 [WARNING] django.request: Not Found: /.well-known/appspecific/com.chrome.devtools.json
2025-05-11 15:06:22,979 [WARNING] django.request: Not Found: /.well-known/appspecific/com.chrome.devtools.json
2025-05-11 15:07:11,275 [WARNING] django.request: Not Found: /.well-known/appspecific/com.chrome.devtools.json
2025-05-11 15:07:20,493 [WARNING] django.request: Not Found: /.well-known/appspecific/com.chrome.devtools.json
2025-05-11 15:08:38,134 [WARNING] django.request: Not Found: /.well-known/appspecific/com.chrome.devtools.json
2025-05-11 15:09:34,430 [WARNING] django.request: Not Found: /.well-known/appspecific/com.chrome.devtools.json
2025-05-11 15:10:21,317 [WARNING] django.request: Not Found: /.well-known/appspecific/com.chrome.devtools.json
2025-05-11 15:10:29,176 [WARNING] django.request: Not Found: /.well-known/appspecific/com.chrome.devtools.json
2025-05-11 15:10:36,816 [WARNING] django.request: Not Found: /.well-known/appspecific/com.chrome.devtools.json
2025-05-11 15:11:28,905 [WARNING] django.request: Not Found: /.well-known/appspecific/com.chrome.devtools.json
2025-05-11 15:11:39,003 [WARNING] django.request: Not Found: /.well-known/appspecific/com.chrome.devtools.json
2025-05-11 15:11:53,886 [WARNING] django.request: Not Found: /.well-known/appspecific/com.chrome.devtools.json
2025-05-11 15:14:30,657 [WARNING] django.request: Not Found: /.well-known/appspecific/com.chrome.devtools.json
2025-05-11 15:15:04,722 [WARNING] django.request: Not Found: /.well-known/appspecific/com.chrome.devtools.json
2025-05-11 15:15:27,692 [WARNING] django.request: Not Found: /.well-known/appspecific/com.chrome.devtools.json
2025-05-11 15:16:19,881 [WARNING] django.request: Not Found: /.well-known/appspecific/com.chrome.devtools.json
2025-05-11 15:16:32,992 [WARNING] django.request: Not Found: /.well-known/appspecific/com.chrome.devtools.json
2025-05-11 15:17:21,775 [WARNING] django.request: Not Found: /.well-known/appspecific/com.chrome.devtools.json
2025-05-11 15:18:00,084 [WARNING] django.request: Not Found: /.well-known/appspecific/com.chrome.devtools.json
2025-05-11 15:18:14,164 [WARNING] django.request: Not Found: /.well-known/appspecific/com.chrome.devtools.json
2025-05-11 15:18:24,260 [WARNING] django.request: Not Found: /.well-known/appspecific/com.chrome.devtools.json
2025-05-11 15:18:45,668 [WARNING] django.request: Not Found: /.well-known/appspecific/com.chrome.devtools.json
2025-05-11 15:19:12,249 [WARNING] django.request: Not Found: /.well-known/appspecific/com.chrome.devtools.json
2025-05-11 15:19:16,834 [WARNING] django.request: Not Found: /.well-known/appspecific/com.chrome.devtools.json
2025-05-11 15:19:20,479 [WARNING] django.request: Not Found: /.well-known/appspecific/com.chrome.devtools.json
2025-05-11 15:19:21,162 [WARNING] django.request: Not Found: /.well-known/appspecific/com.chrome.devtools.json
2025-05-11 15:20:48,686 [WARNING] django.request: Not Found: /.well-known/appspecific/com.chrome.devtools.json
2025-05-11 15:21:02,320 [WARNING] django.request: Not Found: /.well-known/appspecific/com.chrome.devtools.json
2025-05-11 15:21:12,255 [WARNING] django.request: Not Found: /.well-known/appspecific/com.chrome.devtools.json
2025-05-11 15:21:37,223 [WARNING] django.request: Not Found: /.well-known/appspecific/com.chrome.devtools.json
2025-05-11 15:21:46,129 [WARNING] django.request: Not Found: /.well-known/appspecific/com.chrome.devtools.json
2025-05-11 15:22:08,793 [WARNING] django.request: Not Found: /.well-known/appspecific/com.chrome.devtools.json
2025-05-11 15:23:01,374 [WARNING] django.request: Not Found: /.well-known/appspecific/com.chrome.devtools.json
2025-05-11 15:23:01,994 [WARNING] django.request: Not Found: /.well-known/appspecific/com.chrome.devtools.json
2025-05-11 15:23:02,172 [WARNING] django.request: Not Found: /.well-known/appspecific/com.chrome.devtools.json
2025-05-11 15:23:15,458 [WARNING] django.request: Not Found: /.well-known/appspecific/com.chrome.devtools.json
2025-05-11 15:23:19,964 [WARNING] django.request: Not Found: /.well-known/appspecific/com.chrome.devtools.json
2025-05-11 15:23:36,943 [WARNING] django.request: Not Found: /.well-known/appspecific/com.chrome.devtools.json
2025-05-11 15:29:26,330 [WARNING] django.request: Not Found: /.well-known/appspecific/com.chrome.devtools.json
2025-05-11 15:30:00,553 [WARNING] django.request: Not Found: /.well-known/appspecific/com.chrome.devtools.json
2025-05-11 15:30:12,720 [WARNING] django.request: Not Found: /.well-known/appspecific/com.chrome.devtools.json
2025-05-11 15:30:19,664 [WARNING] django.request: Not Found: /.well-known/appspecific/com.chrome.devtools.json
2025-05-11 15:30:23,799 [WARNING] django.request: Not Found: /.well-known/appspecific/com.chrome.devtools.json
2025-05-11 15:38:07,159 [WARNING] django.request: Not Found: /.well-known/appspecific/com.chrome.devtools.json
2025-05-11 15:38:47,576 [WARNING] django.request: Not Found: /.well-known/appspecific/com.chrome.devtools.json
2025-05-11 15:39:38,814 [WARNING] django.request: Not Found: /.well-known/appspecific/com.chrome.devtools.json
2025-05-11 15:39:46,286 [WARNING] django.request: Not Found: /.well-known/appspecific/com.chrome.devtools.json
2025-05-11 15:39:59,411 [WARNING] django.request: Not Found: /.well-known/appspecific/com.chrome.devtools.json
2025-05-11 15:41:24,890 [WARNING] django.request: Not Found: /.well-known/appspecific/com.chrome.devtools.json
2025-05-11 15:44:32,299 [WARNING] django.request: Not Found: /.well-known/appspecific/com.chrome.devtools.json
2025-05-11 15:46:04,503 [WARNING] django.request: Not Found: /.well-known/appspecific/com.chrome.devtools.json
2025-05-11 15:46:36,046 [WARNING] django.request: Not Found: /.well-known/appspecific/com.chrome.devtools.json
2025-05-11 15:54:45,569 [WARNING] django.request: Not Found: /.well-known/appspecific/com.chrome.devtools.json
2025-05-11 15:55:03,174 [WARNING] django.request: Not Found: /.well-known/appspecific/com.chrome.devtools.json
2025-05-11 15:55:08,709 [WARNING] django.request: Not Found: /.well-known/appspecific/com.chrome.devtools.json
2025-05-11 15:55:14,236 [WARNING] django.request: Not Found: /.well-known/appspecific/com.chrome.devtools.json
2025-05-11 15:55:26,696 [WARNING] django.request: Not Found: /.well-known/appspecific/com.chrome.devtools.json
2025-05-11 15:55:42,861 [WARNING] django.request: Not Found: /.well-known/appspecific/com.chrome.devtools.json
2025-05-11 15:55:50,492 [WARNING] django.request: Not Found: /.well-known/appspecific/com.chrome.devtools.json
2025-05-11 15:56:19,217 [WARNING] django.request: Not Found: /.well-known/appspecific/com.chrome.devtools.json
2025-05-11 15:57:13,129 [WARNING] django.request: Not Found: /.well-known/appspecific/com.chrome.devtools.json
2025-05-11 15:58:35,106 [WARNING] django.request: Not Found: /.well-known/appspecific/com.chrome.devtools.json
2025-05-11 16:00:26,332 [INFO] django.utils.autoreload: D:\code\oquArna\oqu-arna-web\common\models.py changed, reloading.
2025-05-11 16:00:26,850 [INFO] django.utils.autoreload: Watching for file changes with StatReloader
2025-05-11 16:02:09,537 [INFO] django.utils.autoreload: D:\code\oquArna\oqu-arna-web\authors_works\forms.py changed, reloading.
2025-05-11 16:02:09,987 [INFO] django.utils.autoreload: Watching for file changes with StatReloader
2025-05-11 16:02:13,232 [INFO] django.utils.autoreload: D:\code\oquArna\oqu-arna-web\authors_works\forms.py changed, reloading.
2025-05-11 16:02:13,947 [INFO] django.utils.autoreload: Watching for file changes with StatReloader
2025-05-11 16:02:17,196 [INFO] django.utils.autoreload: D:\code\oquArna\oqu-arna-web\authors_works\forms.py changed, reloading.
2025-05-11 16:02:17,609 [INFO] django.utils.autoreload: Watching for file changes with StatReloader
2025-05-11 16:07:20,301 [INFO] django.utils.autoreload: D:\code\oquArna\oqu-arna-web\authors_works\forms.py changed, reloading.
2025-05-11 16:07:20,983 [INFO] django.utils.autoreload: Watching for file changes with StatReloader
2025-05-11 16:07:47,779 [INFO] django.utils.autoreload: D:\code\oquArna\oqu-arna-web\authors_works\forms.py changed, reloading.
2025-05-11 16:07:48,738 [INFO] django.utils.autoreload: Watching for file changes with StatReloader
2025-05-11 16:07:53,243 [WARNING] django.request: Not Found: /works
2025-05-11 16:19:44,176 [WARNING] django.request: Not Found: /works/download_author_work/14
2025-05-11 16:20:23,577 [WARNING] django.request: Not Found: /.well-known/appspecific/com.chrome.devtools.json
2025-05-11 16:20:33,224 [WARNING] django.request: Not Found: /works/download_author_work/14
2025-05-11 16:22:03,811 [WARNING] django.request: Not Found: /.well-known/appspecific/com.chrome.devtools.json
2025-05-11 16:22:11,707 [WARNING] django.request: Not Found: /works/download_author_work/14
2025-05-11 16:24:27,914 [INFO] django.utils.autoreload: D:\code\oquArna\oqu-arna-web\authors_works\views.py changed, reloading.
2025-05-11 16:24:28,376 [INFO] django.utils.autoreload: Watching for file changes with StatReloader
2025-05-11 16:24:40,681 [INFO] django.utils.autoreload: D:\code\oquArna\oqu-arna-web\authors_works\views.py changed, reloading.
2025-05-11 16:24:41,164 [INFO] django.utils.autoreload: Watching for file changes with StatReloader
2025-05-11 16:25:51,271 [INFO] django.utils.autoreload: D:\code\oquArna\oqu-arna-web\authors_works\forms.py changed, reloading.
2025-05-11 16:25:51,915 [INFO] django.utils.autoreload: Watching for file changes with StatReloader
2025-05-11 16:27:15,286 [INFO] django.utils.autoreload: D:\code\oquArna\oqu-arna-web\common\models.py changed, reloading.
2025-05-11 16:27:15,750 [INFO] django.utils.autoreload: Watching for file changes with StatReloader
2025-05-11 16:32:52,601 [INFO] django.utils.autoreload: Watching for file changes with StatReloader
2025-05-11 16:33:27,229 [WARNING] django.request: Not Found: /works/users/login
2025-05-11 17:10:59,864 [INFO] django.utils.autoreload: D:\code\oquArna\oqu-arna-web\authors_works\views.py changed, reloading.
2025-05-11 17:11:00,348 [INFO] django.utils.autoreload: Watching for file changes with StatReloader
2025-05-11 17:11:02,956 [ERROR] django.request: Internal Server Error: /works/author_work/16
Traceback (most recent call last):
  File "D:\code\oquArna\.venv\Lib\site-packages\django\core\handlers\exception.py", line 55, in inner
    response = get_response(request)
  File "D:\code\oquArna\.venv\Lib\site-packages\django\core\handlers\base.py", line 197, in _get_response
    response = wrapped_callback(request, *callback_args, **callback_kwargs)
  File "D:\code\oquArna\.venv\Lib\site-packages\django\views\generic\base.py", line 104, in view
    return self.dispatch(request, *args, **kwargs)
           ~~~~~~~~~~~~~^^^^^^^^^^^^^^^^^^^^^^^^^^
  File "D:\code\oquArna\.venv\Lib\site-packages\django\views\generic\base.py", line 143, in dispatch
    return handler(request, *args, **kwargs)
  File "D:\code\oquArna\.venv\Lib\site-packages\django\views\generic\detail.py", line 113, in get
    context = self.get_context_data(object=self.object)
  File "D:\code\oquArna\oqu-arna-web\authors_works\views.py", line 123, in get_context_data
    context['file_name'] = self.object.file.name
                           ^^^^^^^^^^^^^^^^^^^^^
AttributeError: 'Content' object has no attribute 'name'
2025-05-11 17:11:05,115 [ERROR] django.request: Internal Server Error: /works/author_work/16
Traceback (most recent call last):
  File "D:\code\oquArna\.venv\Lib\site-packages\django\core\handlers\exception.py", line 55, in inner
    response = get_response(request)
  File "D:\code\oquArna\.venv\Lib\site-packages\django\core\handlers\base.py", line 197, in _get_response
    response = wrapped_callback(request, *callback_args, **callback_kwargs)
  File "D:\code\oquArna\.venv\Lib\site-packages\django\views\generic\base.py", line 104, in view
    return self.dispatch(request, *args, **kwargs)
           ~~~~~~~~~~~~~^^^^^^^^^^^^^^^^^^^^^^^^^^
  File "D:\code\oquArna\.venv\Lib\site-packages\django\views\generic\base.py", line 143, in dispatch
    return handler(request, *args, **kwargs)
  File "D:\code\oquArna\.venv\Lib\site-packages\django\views\generic\detail.py", line 113, in get
    context = self.get_context_data(object=self.object)
  File "D:\code\oquArna\oqu-arna-web\authors_works\views.py", line 123, in get_context_data
    context['file_name'] = self.object.file.name
                           ^^^^^^^^^^^^^^^^^^^^^
AttributeError: 'Content' object has no attribute 'name'
2025-05-11 17:11:15,433 [ERROR] django.request: Internal Server Error: /works/author_work/16
Traceback (most recent call last):
  File "D:\code\oquArna\.venv\Lib\site-packages\django\core\handlers\exception.py", line 55, in inner
    response = get_response(request)
  File "D:\code\oquArna\.venv\Lib\site-packages\django\core\handlers\base.py", line 197, in _get_response
    response = wrapped_callback(request, *callback_args, **callback_kwargs)
  File "D:\code\oquArna\.venv\Lib\site-packages\django\views\generic\base.py", line 104, in view
    return self.dispatch(request, *args, **kwargs)
           ~~~~~~~~~~~~~^^^^^^^^^^^^^^^^^^^^^^^^^^
  File "D:\code\oquArna\.venv\Lib\site-packages\django\views\generic\base.py", line 143, in dispatch
    return handler(request, *args, **kwargs)
  File "D:\code\oquArna\.venv\Lib\site-packages\django\views\generic\detail.py", line 113, in get
    context = self.get_context_data(object=self.object)
  File "D:\code\oquArna\oqu-arna-web\authors_works\views.py", line 123, in get_context_data
    context['file_name'] = self.object.file.name
                           ^^^^^^^^^^^^^^^^^^^^^
AttributeError: 'Content' object has no attribute 'name'
2025-05-11 17:11:23,351 [INFO] django.utils.autoreload: D:\code\oquArna\oqu-arna-web\authors_works\views.py changed, reloading.
2025-05-11 17:11:23,876 [INFO] django.utils.autoreload: Watching for file changes with StatReloader
2025-05-11 17:12:02,571 [INFO] django.utils.autoreload: D:\code\oquArna\oqu-arna-web\common\models.py changed, reloading.
2025-05-11 17:12:03,088 [INFO] django.utils.autoreload: Watching for file changes with StatReloader
2025-05-11 17:14:42,242 [INFO] django.utils.autoreload: D:\code\oquArna\oqu-arna-web\authors_works\views.py changed, reloading.
2025-05-11 17:14:42,703 [INFO] django.utils.autoreload: Watching for file changes with StatReloader
2025-05-11 17:51:17,284 [WARNING] django.request: Not Found: /.well-known/appspecific/com.chrome.devtools.json
